{"name": "Регистрация нового пользователя", "status": "failed", "statusDetails": {"message": "AssertionError: Ожидался статус 200, получен 403\nassert 403 == 200\n +  where 403 = <Response [403]>.status_code\n +  and   200 = StatusCode.OK", "trace": "self = <tests.test_create_user.TestCreateUser object at 0x0000028B6AEC4E10>\n\n    @allure.story(\"Успешная регистрация нового пользователя\")\n    @allure.title(\"Регистрация нового пользователя\")\n    @allure.description(\"Тест проверяет успешную регистрацию нового пользователя.\")\n    @allure.severity(allure.severity_level.CRITICAL)\n    \n    def test_new_user_registration(self):\n        with allure.step(\"Генерация данных нового пользователя\"):\n            user_data = User.registration_new_user()\n    \n        with allure.step(\"Отправка запроса на регистрацию\"):\n            response = requests.post(f'{Urls.BASE_URL}{Endpoints.CREATE_USER}', json=user_data)\n    \n        with allure.step(\"Проверка ответа\"):\n>           assert response.status_code == StatusCode.OK, f\"Ожидался статус 200, получен {response.status_code}\"\nE           AssertionError: Ожидался статус 200, получен 403\nE           assert 403 == 200\nE            +  where 403 = <Response [403]>.status_code\nE            +  and   200 = StatusCode.OK\n\ntests\\test_create_user.py:28: AssertionError"}, "description": "Тест проверяет успешную регистрацию нового пользователя.", "steps": [{"name": "Генерация данных нового пользователя", "status": "passed", "start": 1739121753342, "stop": 1739121753343}, {"name": "Отправка запроса на регистрацию", "status": "passed", "start": 1739121753343, "stop": 1739121753826}, {"name": "Проверка ответа", "status": "failed", "statusDetails": {"message": "AssertionError: Ожидался статус 200, получен 403\nassert 403 == 200\n +  where 403 = <Response [403]>.status_code\n +  and   200 = StatusCode.OK\n", "trace": "  File \"D:\\REPO\\yandex\\Diplom\\Diplom_2\\tests\\test_create_user.py\", line 28, in test_new_user_registration\n    assert response.status_code == StatusCode.OK, f\"Ожидался статус 200, получен {response.status_code}\"\n"}, "start": 1739121753826, "stop": 1739121753826}], "start": 1739121753342, "stop": 1739121753827, "uuid": "827c7724-d922-4b7f-bb83-93112e50156f", "historyId": "9c517f39a0cf896aa157619c3abd8dea", "testCaseId": "9c517f39a0cf896aa157619c3abd8dea", "fullName": "tests.test_create_user.TestCreateUser#test_new_user_registration", "labels": [{"name": "severity", "value": "critical"}, {"name": "epic", "value": "Stellar Burgers"}, {"name": "story", "value": "Успешная регистрация нового пользователя"}, {"name": "feature", "value": "Регистрация пользователя"}, {"name": "parentSuite", "value": "tests"}, {"name": "suite", "value": "test_create_user"}, {"name": "subSuite", "value": "TestCreateUser"}, {"name": "host", "value": "DESKTOP-1H286BJ"}, {"name": "thread", "value": "17948-MainThread"}, {"name": "framework", "value": "pytest"}, {"name": "language", "value": "cpython3"}, {"name": "package", "value": "tests.test_create_user"}]}